<?xml version="1.0" encoding="UTF-8"?>
<!-- Generated by org.testng.reporters.JUnitReportReporter -->
<testsuite hostname="DESKTOP-VC9EE72" failures="0" tests="4" name="testcases.UserTests" time="4.198" errors="0" timestamp="2023-09-18T20:40:16 EDT" skipped="0">
  <testcase classname="testcases.UserTests" name="testPostUser" time="3.488"/>
  <system-out/>
  <testcase classname="testcases.UserTests" name="testgetUserByUserName" time="0.213"/>
  <system-out/>
  <testcase classname="testcases.UserTests" name="testUpdateUserByUserName" time="0.330"/>
  <system-out/>
  <testcase classname="testcases.UserTests" name="testDeleteUserByUserName" time="0.167"/>
  <system-out/>
</testsuite> <!-- testcases.UserTests -->
