<?xml version="1.0" encoding="UTF-8"?>
<!-- Generated by org.testng.reporters.JUnitReportReporter -->
<testsuite hostname="DESKTOP-VC9EE72" failures="0" tests="4" name="testcases.PetTests" time="4.052" errors="0" timestamp="2023-09-18T20:41:33 EDT" skipped="0">
  <testcase classname="testcases.PetTests" name="postPetTest" time="3.108"/>
  <system-out/>
  <testcase classname="testcases.PetTests" name="getPetTest" time="0.210"/>
  <system-out/>
  <testcase classname="testcases.PetTests" name="updatePetTest" time="0.556"/>
  <system-out/>
  <testcase classname="testcases.PetTests" name="deletePetTest" time="0.178"/>
  <system-out/>
</testsuite> <!-- testcases.PetTests -->
